<?xml version="1.0" encoding="UTF-8"?>
<testsuite name="com.example.actuatorDemo.ActuatorDemoApplicationTests" tests="1" skipped="0" failures="0" errors="0" timestamp="2020-04-13T15:02:12" hostname="38f9d32dfb36" time="0.105">
  <properties/>
  <testcase name="contextLoads" classname="com.example.actuatorDemo.ActuatorDemoApplicationTests" time="0.105"/>
  <system-out><![CDATA[20:32:09.899 [Test worker] DEBUG org.springframework.test.context.junit4.SpringJUnit4ClassRunner - SpringJUnit4ClassRunner constructor called with [class com.example.actuatorDemo.ActuatorDemoApplicationTests]
20:32:09.906 [Test worker] DEBUG org.springframework.test.context.BootstrapUtils - Instantiating CacheAwareContextLoaderDelegate from class [org.springframework.test.context.cache.DefaultCacheAwareContextLoaderDelegate]
20:32:09.912 [Test worker] DEBUG org.springframework.test.context.BootstrapUtils - Instantiating BootstrapContext using constructor [public org.springframework.test.context.support.DefaultBootstrapContext(java.lang.Class,org.springframework.test.context.CacheAwareContextLoaderDelegate)]
20:32:09.927 [Test worker] DEBUG org.springframework.test.context.BootstrapUtils - Instantiating TestContextBootstrapper for test class [com.example.actuatorDemo.ActuatorDemoApplicationTests] from class [org.springframework.boot.test.context.SpringBootTestContextBootstrapper]
20:32:09.936 [Test worker] INFO org.springframework.boot.test.context.SpringBootTestContextBootstrapper - Neither @ContextConfiguration nor @ContextHierarchy found for test class [com.example.actuatorDemo.ActuatorDemoApplicationTests], using SpringBootContextLoader
20:32:09.938 [Test worker] DEBUG org.springframework.test.context.support.AbstractContextLoader - Did not detect default resource location for test class [com.example.actuatorDemo.ActuatorDemoApplicationTests]: class path resource [com/example/actuatorDemo/ActuatorDemoApplicationTests-context.xml] does not exist
20:32:09.939 [Test worker] DEBUG org.springframework.test.context.support.AbstractContextLoader - Did not detect default resource location for test class [com.example.actuatorDemo.ActuatorDemoApplicationTests]: class path resource [com/example/actuatorDemo/ActuatorDemoApplicationTestsContext.groovy] does not exist
20:32:09.939 [Test worker] INFO org.springframework.test.context.support.AbstractContextLoader - Could not detect default resource locations for test class [com.example.actuatorDemo.ActuatorDemoApplicationTests]: no resource found for suffixes {-context.xml, Context.groovy}.
20:32:09.939 [Test worker] INFO org.springframework.test.context.support.AnnotationConfigContextLoaderUtils - Could not detect default configuration classes for test class [com.example.actuatorDemo.ActuatorDemoApplicationTests]: ActuatorDemoApplicationTests does not declare any static, non-private, non-final, nested classes annotated with @Configuration.
20:32:09.969 [Test worker] DEBUG org.springframework.test.context.support.ActiveProfilesUtils - Could not find an 'annotation declaring class' for annotation type [org.springframework.test.context.ActiveProfiles] and class [com.example.actuatorDemo.ActuatorDemoApplicationTests]
20:32:10.022 [Test worker] DEBUG org.springframework.context.annotation.ClassPathScanningCandidateComponentProvider - Identified candidate component class: file [/Users/z002wdv/Downloads/actuatorDemo/build/classes/java/main/com/example/actuatorDemo/ActuatorDemoApplication.class]
20:32:10.023 [Test worker] INFO org.springframework.boot.test.context.SpringBootTestContextBootstrapper - Found @SpringBootConfiguration com.example.actuatorDemo.ActuatorDemoApplication for test class com.example.actuatorDemo.ActuatorDemoApplicationTests
20:32:10.096 [Test worker] DEBUG org.springframework.boot.test.context.SpringBootTestContextBootstrapper - @TestExecutionListeners is not present for class [com.example.actuatorDemo.ActuatorDemoApplicationTests]: using defaults.
20:32:10.096 [Test worker] INFO org.springframework.boot.test.context.SpringBootTestContextBootstrapper - Loaded default TestExecutionListener class names from location [META-INF/spring.factories]: [org.springframework.boot.test.autoconfigure.restdocs.RestDocsTestExecutionListener, org.springframework.boot.test.autoconfigure.web.client.MockRestServiceServerResetTestExecutionListener, org.springframework.boot.test.autoconfigure.web.servlet.MockMvcPrintOnlyOnFailureTestExecutionListener, org.springframework.boot.test.autoconfigure.web.servlet.WebDriverTestExecutionListener, org.springframework.boot.test.mock.mockito.MockitoTestExecutionListener, org.springframework.boot.test.mock.mockito.ResetMocksTestExecutionListener, org.springframework.test.context.web.ServletTestExecutionListener, org.springframework.test.context.support.DirtiesContextBeforeModesTestExecutionListener, org.springframework.test.context.support.DependencyInjectionTestExecutionListener, org.springframework.test.context.support.DirtiesContextTestExecutionListener, org.springframework.test.context.transaction.TransactionalTestExecutionListener, org.springframework.test.context.jdbc.SqlScriptsTestExecutionListener]
20:32:10.104 [Test worker] DEBUG org.springframework.boot.test.context.SpringBootTestContextBootstrapper - Skipping candidate TestExecutionListener [org.springframework.test.context.transaction.TransactionalTestExecutionListener] due to a missing dependency. Specify custom listener classes or make the default listener classes and their required dependencies available. Offending class: [org/springframework/transaction/interceptor/TransactionAttributeSource]
20:32:10.105 [Test worker] DEBUG org.springframework.boot.test.context.SpringBootTestContextBootstrapper - Skipping candidate TestExecutionListener [org.springframework.test.context.jdbc.SqlScriptsTestExecutionListener] due to a missing dependency. Specify custom listener classes or make the default listener classes and their required dependencies available. Offending class: [org/springframework/transaction/interceptor/TransactionAttribute]
20:32:10.105 [Test worker] INFO org.springframework.boot.test.context.SpringBootTestContextBootstrapper - Using TestExecutionListeners: [org.springframework.test.context.web.ServletTestExecutionListener@1a5e0cb9, org.springframework.test.context.support.DirtiesContextBeforeModesTestExecutionListener@3c6f3d72, org.springframework.boot.test.mock.mockito.MockitoTestExecutionListener@4317ed1a, org.springframework.boot.test.autoconfigure.SpringBootDependencyInjectionTestExecutionListener@2ec6d52b, org.springframework.test.context.support.DirtiesContextTestExecutionListener@44172f8e, org.springframework.boot.test.autoconfigure.restdocs.RestDocsTestExecutionListener@1d61ed3, org.springframework.boot.test.autoconfigure.web.client.MockRestServiceServerResetTestExecutionListener@7dd54cce, org.springframework.boot.test.autoconfigure.web.servlet.MockMvcPrintOnlyOnFailureTestExecutionListener@65a2b1d2, org.springframework.boot.test.autoconfigure.web.servlet.WebDriverTestExecutionListener@18b499b7, org.springframework.boot.test.mock.mockito.ResetMocksTestExecutionListener@29a52cf4]
20:32:10.107 [Test worker] DEBUG org.springframework.test.annotation.ProfileValueUtils - Retrieved @ProfileValueSourceConfiguration [null] for test class [com.example.actuatorDemo.ActuatorDemoApplicationTests]
20:32:10.107 [Test worker] DEBUG org.springframework.test.annotation.ProfileValueUtils - Retrieved ProfileValueSource type [class org.springframework.test.annotation.SystemProfileValueSource] for class [com.example.actuatorDemo.ActuatorDemoApplicationTests]
20:32:10.108 [Test worker] DEBUG org.springframework.test.annotation.ProfileValueUtils - Retrieved @ProfileValueSourceConfiguration [null] for test class [com.example.actuatorDemo.ActuatorDemoApplicationTests]
20:32:10.108 [Test worker] DEBUG org.springframework.test.annotation.ProfileValueUtils - Retrieved ProfileValueSource type [class org.springframework.test.annotation.SystemProfileValueSource] for class [com.example.actuatorDemo.ActuatorDemoApplicationTests]
20:32:10.111 [Test worker] DEBUG org.springframework.test.context.support.AbstractDirtiesContextTestExecutionListener - Before test class: context [DefaultTestContext@1ec0b803 testClass = ActuatorDemoApplicationTests, testInstance = [null], testMethod = [null], testException = [null], mergedContextConfiguration = [WebMergedContextConfiguration@2d0f4f9f testClass = ActuatorDemoApplicationTests, locations = '{}', classes = '{class com.example.actuatorDemo.ActuatorDemoApplication}', contextInitializerClasses = '[]', activeProfiles = '{}', propertySourceLocations = '{}', propertySourceProperties = '{org.springframework.boot.test.context.SpringBootTestContextBootstrapper=true}', contextCustomizers = set[org.springframework.boot.test.autoconfigure.properties.PropertyMappingContextCustomizer@0, org.springframework.boot.test.autoconfigure.web.servlet.WebDriverContextCustomizerFactory$Customizer@7065cf13, org.springframework.boot.test.context.filter.ExcludeFilterContextCustomizer@2b9439bc, org.springframework.boot.test.json.DuplicateJsonObjectContextCustomizerFactory$DuplicateJsonObjectContextCustomizer@250926c7, org.springframework.boot.test.mock.mockito.MockitoContextCustomizer@0, org.springframework.boot.test.web.client.TestRestTemplateContextCustomizer@548686db, org.springframework.boot.test.web.reactive.server.WebTestClientContextCustomizer@32f92a27], resourceBasePath = 'src/main/webapp', contextLoader = 'org.springframework.boot.test.context.SpringBootContextLoader', parent = [null]], attributes = map['org.springframework.test.context.web.ServletTestExecutionListener.activateListener' -> true]], class annotated with @DirtiesContext [false] with mode [null].
20:32:10.111 [Test worker] DEBUG org.springframework.test.annotation.ProfileValueUtils - Retrieved @ProfileValueSourceConfiguration [null] for test class [com.example.actuatorDemo.ActuatorDemoApplicationTests]
20:32:10.111 [Test worker] DEBUG org.springframework.test.annotation.ProfileValueUtils - Retrieved ProfileValueSource type [class org.springframework.test.annotation.SystemProfileValueSource] for class [com.example.actuatorDemo.ActuatorDemoApplicationTests]
20:32:10.126 [Test worker] DEBUG org.springframework.test.context.support.TestPropertySourceUtils - Adding inlined properties to environment: {spring.jmx.enabled=false, org.springframework.boot.test.context.SpringBootTestContextBootstrapper=true, server.port=-1}

  .   ____          _            __ _ _
 /\\ / ___'_ __ _ _(_)_ __  __ _ \ \ \ \
( ( )\___ | '_ | '_| | '_ \/ _` | \ \ \ \
 \\/  ___)| |_)| | | | | || (_| |  ) ) ) )
  '  |____| .__|_| |_|_| |_\__, | / / / /
 =========|_|==============|___/=/_/_/_/
 :: Spring Boot ::       (v2.1.13.RELEASE)

2020-04-13 20:32:10.292  INFO 34332 --- [    Test worker] c.e.a.ActuatorDemoApplicationTests       : Starting ActuatorDemoApplicationTests on 38f9d32dfb36 with PID 34332 (started by z002wdv in /Users/z002wdv/Downloads/actuatorDemo)
2020-04-13 20:32:10.293  INFO 34332 --- [    Test worker] c.e.a.ActuatorDemoApplicationTests       : No active profile set, falling back to default profiles: default
2020-04-13 20:32:11.712  INFO 34332 --- [    Test worker] o.s.s.concurrent.ThreadPoolTaskExecutor  : Initializing ExecutorService 'applicationTaskExecutor'
2020-04-13 20:32:12.348  INFO 34332 --- [    Test worker] o.s.b.a.e.web.EndpointLinksResolver      : Exposing 2 endpoint(s) beneath base path '/actuator'
2020-04-13 20:32:12.397  INFO 34332 --- [    Test worker] c.e.a.ActuatorDemoApplicationTests       : Started ActuatorDemoApplicationTests in 2.262 seconds (JVM running for 2.962)
]]></system-out>
  <system-err><![CDATA[]]></system-err>
</testsuite>
